 command line:
   ./tb_isim_beh.exe
     -intstyle  ise
     -ipchost  localhost
     -ipcport  2877

Thu Dec 31 13:25:25 2009

Total Line Count = 793

 Elaboration time 0 sec.

 Estimate current memory usage 44.7529 Meg. 

 Total signals 25
 Total nets 1170
 Total signal drivers 5
 Total blocks 8
 Total primitive blocks 1
 Total processes 4
ntrace select -o on -n /tb/clock 
ntrace select -o on -n /tb/reset 
ntrace select -o on -n /tb/wr_en 
ntrace select -o on -n /tb/w_add 
ntrace select -o on -n /tb/a_add 
ntrace select -o on -n /tb/b_add 
ntrace select -o on -n /tb/data 
ntrace select -o on -n /tb/a 
ntrace select -o on -n /tb/b 
ntrace start 
run all 
Simulator is doing circuit initialization process.
Finished circuit initialization process.
