 command line:
   ./tb_isim_beh.exe
     -intstyle  ise
     -ipchost  localhost
     -ipcport  4059

Tue Dec 29 10:49:43 2009

Total Line Count = 741

 Elaboration time 0 sec.

 Estimate current memory usage 44.7406 Meg. 

 Total signals 9
 Total nets 7
 Total signal drivers 3
 Total blocks 7
 Total primitive blocks 1
 Total processes 4
ntrace select -o on -n /tb/clock 
ntrace select -o on -n /tb/clear 
ntrace select -o on -n /tb/count 
ntrace select -o on -n /tb/q 
ntrace start 
run all 
Simulator is doing circuit initialization process.
Finished circuit initialization process.
WARNING:Simulator:29 - at 100.000 ns(1): Warning: There is an
   'U'|'X'|'W'|'Z'|'-' in an arithmetic operand, the result will be 'X'(es).
