--------------------------------------------------------------------------------
Release 8.1i Trace I.24
Copyright (c) 1995-2005 Xilinx, Inc.  All rights reserved.

C:\Xilinx\bin\nt\trce.exe -ise full_adder.ise -intstyle ise -e 3 -l 3 -s 6 -xml
full_adder full_adder.ncd -o full_adder.twr full_adder.pcf


Design file:              full_adder.ncd
Physical constraint file: full_adder.pcf
Device,speed:             xc2s50,-6 (PRODUCTION 1.27 2005-11-04)
Report level:             error report

Environment Variable      Effect 
--------------------      ------ 
NONE                      No environment variables were set
--------------------------------------------------------------------------------

INFO:Timing:2698 - No timing constraints found, doing default enumeration.
INFO:Timing:2752 - To get complete path coverage, use the unconstrained paths
   option. All paths that are not constrained will be reported in the
   unconstrained paths section(s) of the report.


Data Sheet report:
-----------------
All values displayed in nanoseconds (ns)

Pad to Pad
---------------+---------------+---------+
Source Pad     |Destination Pad|  Delay  |
---------------+---------------+---------+
a              |cout           |    7.320|
a              |sum            |    7.390|
b              |cout           |    7.705|
b              |sum            |    7.517|
cin            |cout           |    7.750|
cin            |sum            |    7.825|
---------------+---------------+---------+

Analysis completed Tue Oct 06 01:16:30 2009
--------------------------------------------------------------------------------



Peak Memory Usage: 83 MB
