 command line:
   ./f_adder_isim_beh.exe
     -intstyle  ise
     -ipchost  localhost
     -ipcport  1066

Mon Oct 19 12:13:30 2009

Total Line Count = 758

 Elaboration time 0 sec.

 Estimate current memory usage 35.6516 Meg. 

 Total signals 10
 Total nets 5
 Total signal drivers 5
 Total blocks 7
 Total primitive blocks 1
 Total processes 3
ntrace select -o on -n /f_adder/a 
ntrace select -o on -n /f_adder/b 
ntrace select -o on -n /f_adder/cin 
ntrace select -o on -n /f_adder/sum 
ntrace select -o on -n /f_adder/cout 
ntrace start 
run all 
Simulator is doing circuit initialization process.
Finished circuit initialization process.
