 command line:
   ./tb_isim_beh.exe
     -intstyle  ise
     -ipchost  localhost
     -ipcport  4811

Tue Dec 29 01:49:14 2009

Total Line Count = 774

 Elaboration time 0 sec.

 Estimate current memory usage 44.7447 Meg. 

 Total signals 11
 Total nets 6
 Total signal drivers 5
 Total blocks 7
 Total primitive blocks 1
 Total processes 3
ntrace select -o on -n /tb/UUT/sig_s1 
ntrace select -o on -n /tb/d3 
ntrace select -o on -n /tb/res2 
ntrace start 
run all 
Simulator is doing circuit initialization process.
Finished circuit initialization process.
