 command line:
   ./tb_isim_beh.exe
     -intstyle  ise
     -ipchost  localhost
     -ipcport  4327

Thu Dec 31 21:21:01 2009

Total Line Count = 860

 Elaboration time 0 sec.

 Estimate current memory usage 44.757 Meg. 

 Total signals 23
 Total nets 70
 Total signal drivers 13
 Total blocks 7
 Total primitive blocks 1
 Total processes 4
ntrace select -o on -n /tb/clk 
ntrace select -o on -n /tb/go 
ntrace select -o on -n /tb/sw 
ntrace select -o on -n /tb/pp 
ntrace select -o on -n /tb/cp 
ntrace select -o on -n /tb/sum 
ntrace select -o on -n /tb/chang 
ntrace select -o on -n /tb/disp 
ntrace select -o on -n /tb/ret 
ntrace select -o on -n /tb/UUT/cur_state 
ntrace select -o on -n /tb/UUT/nxt_state 
ntrace start 
run all 
Simulator is doing circuit initialization process.
Finished circuit initialization process.
