 command line:
   ./h_adder_isim_beh.exe
     -intstyle  ise
     -ipchost  localhost
     -ipcport  1349

Mon Oct 05 13:51:18 2009

Total Line Count = 760

 Elaboration time 0.015625 sec.

 Estimate current memory usage 35.6516 Meg. 

 Total signals 8
 Total nets 4
 Total signal drivers 4
 Total blocks 7
 Total primitive blocks 1
 Total processes 3
ntrace select -o on -n /h_adder/a 
ntrace select -o on -n /h_adder/b 
ntrace select -o on -n /h_adder/sum 
ntrace select -o on -n /h_adder/carry 
ntrace start 
run all 
Simulator is doing circuit initialization process.
Finished circuit initialization process.
