 command line:
   ./tb_isim_beh.exe
     -intstyle  ise
     -ipchost  localhost
     -ipcport  2430

Thu Dec 31 12:59:56 2009

Total Line Count = 782

 Elaboration time 0.015625 sec.

 Estimate current memory usage 44.7529 Meg. 

 Total signals 19
 Total nets 1138
 Total signal drivers 5
 Total blocks 7
 Total primitive blocks 1
 Total processes 4
ntrace select -o on -n /tb/clock 
ntrace select -o on -n /tb/reset 
ntrace select -o on -n /tb/wb 
ntrace select -o on -n /tb/wr_en 
ntrace select -o on -n /tb/w_add 
ntrace select -o on -n /tb/a_add 
ntrace select -o on -n /tb/b_add 
ntrace select -o on -n /tb/a 
ntrace select -o on -n /tb/b 
ntrace start 
run all 
Simulator is doing circuit initialization process.
Finished circuit initialization process.
