 command line:
   ./h_adder_isim_beh.exe
     -intstyle  ise
     -ipchost  localhost
     -ipcport  1034

Fri Oct 02 16:32:56 2009

Total Line Count = 756

 Elaboration time 0.03125 sec.

 Estimate current memory usage 35.6516 Meg. 

 Total signals 8
 Total nets 4
 Total signal drivers 4
 Total blocks 7
 Total primitive blocks 1
 Total processes 3
ntrace select -o on -m / -l this 
ntrace start 
run all 
Simulator is doing circuit initialization process.
Finished circuit initialization process.
